path        :  in.basis_hexa.dat
cells       :  [10, 2, 1]
periodicity :  [1, 1, 1]
calc_bond   :  False
rc(s)       :  [0.0]
drc         :  0.1
Reading the datafile: in.basis_hexa.dat

basis origin:
    [0. 0. 0.]
basis vectors:
    [1.73205081 0.         0.        ]
    [0. 3. 0.]
    [0.    0.    6.661]
basis volume:
    34.611571296263996
basis density:
    0.11556828685300871
atom types:
    1 1.0 B
basis atoms:
   id       type     charge           x                y                z               
   1        1        1.000000000      0.866020000      0.000000000      0.000000000     
   2        1        1.000000000      0.000000000      0.500000000      0.000000000     
   3        1        1.000000000      0.000000000      1.500000000      0.000000000     
   4        1        1.000000000      0.866020000      2.000000000      0.000000000     
box vectors:
    [17.32050808  0.          0.        ]
    [0. 6. 0.]
    [0.    0.    6.661]
box vectors (lammps constraints):
   xlo : 0.000000000     
   xhi : 17.320508080    
   ylo : 0.000000000     
   yhi : 6.000000000     
   zlo : 0.000000000     
   zhi : 6.661000000     
   xy  : 0.000000000     
   xz  : 0.000000000     
   yz  : 0.000000000     

Generating the atomic coordinates..

Generating a lammps datafile with name o.hexa.dat ..

Generating a lammps dump file with name o.hexa.lammpstrj ..

Generating a XYZ dump file with name o.hexa.xyz ..
